<?xml version="1.0" encoding="UTF-8"?>
<!-- Generated by org.testng.reporters.JUnitXMLReporter -->
<testsuite hostname="LAPTOP-SFSUNP5A" ignored="0" name="Animal test" tests="4" failures="3" timestamp="2022-06-16T11:43:29 EDT" time="0.051" errors="0">
  <testcase name="testAnimalSpeakMethod" time="0.002" classname="com.revature.dev.AnimalTest">
    <failure type="java.lang.NullPointerException">
      <![CDATA[java.lang.NullPointerException
at com.revature.dev.AnimalTest.testAnimalSpeakMethod(AnimalTest.java:38)
at java.util.ArrayList.forEach(ArrayList.java:1259)
... Removed 31 stack frames]]>
    </failure>
  </testcase> <!-- testAnimalSpeakMethod -->
  <testcase name="testDuplicateAnimalCheck" time="0.004" classname="com.revature.dev.AnimalTest">
    <failure type="java.lang.AssertionError" message="expected [com.revature.dev.service.Animal@42607a4f] but found [com.revature.dev.service.Animal@782663d3]">
      <![CDATA[java.lang.AssertionError: expected [com.revature.dev.service.Animal@42607a4f] but found [com.revature.dev.service.Animal@782663d3]
at com.revature.dev.AnimalTest.testDuplicateAnimalCheck(AnimalTest.java:47)
at java.util.ArrayList.forEach(ArrayList.java:1259)
... Removed 36 stack frames]]>
    </failure>
  </testcase> <!-- testDuplicateAnimalCheck -->
  <testcase name="testMakeAMonkey" time="0.0" classname="com.revature.dev.AnimalTest"/>
  <testcase name="testValidAnimalCreated" time="0.0" classname="com.revature.dev.AnimalTest">
    <failure type="java.lang.AssertionError" message="expected object to not be null">
      <![CDATA[java.lang.AssertionError: expected object to not be null
at com.revature.dev.AnimalTest.testValidAnimalCreated(AnimalTest.java:27)
at java.util.ArrayList.forEach(ArrayList.java:1259)
... Removed 34 stack frames]]>
    </failure>
  </testcase> <!-- testValidAnimalCreated -->
</testsuite> <!-- Animal test -->
